start
2026-03-30T06:39:27.927Z ACTION doc:intake:report doc begin
2026-03-30T06:39:27.927Z ACTION doc:intake:report createDoc begin chars=2091
2026-03-30T06:39:29.493Z ACTION doc:intake:report createDoc done token=A0Atdjn9wot2k6xzUO5czRZmnHf
2026-03-30T06:39:29.494Z ACTION doc:intake:report writeDoc begin
2026-03-30T06:39:39.279Z ACTION doc:intake:report writeDoc done blocks=63
2026-03-30T06:39:39.279Z ACTION doc:intake:report ok
2026-03-30T06:39:39.291Z ACTION doc:brief:main doc begin
2026-03-30T06:39:39.294Z ACTION doc:brief:main createDoc begin chars=16627
2026-03-30T06:39:40.702Z ACTION doc:brief:main createDoc done token=G2LKdtkFmoYV5GxEjltcYvIZnTg
2026-03-30T06:39:40.703Z ACTION doc:brief:main writeDoc begin
2026-03-30T06:39:49.223Z ACTION doc:brief:main writeDoc done blocks=394
2026-03-30T06:39:49.224Z ACTION doc:brief:main ok
2026-03-30T06:39:49.232Z ACTION doc:brief:report doc begin
2026-03-30T06:39:49.235Z ACTION doc:brief:report createDoc begin chars=504
2026-03-30T06:39:50.582Z ACTION doc:brief:report createDoc done token=OUoadxbPFo4nLdxMAxucx9jsnhd
2026-03-30T06:39:50.583Z ACTION doc:brief:report writeDoc begin
2026-03-30T06:39:53.183Z ACTION doc:brief:report writeDoc done blocks=18
2026-03-30T06:39:53.183Z ACTION doc:brief:report ok
2026-03-30T06:39:53.192Z ACTION doc:draft:main:03_标准初稿_题目11_OpenClaw一键安装 doc begin
2026-03-30T06:39:53.195Z ACTION doc:draft:main:03_标准初稿_题目11_OpenClaw一键安装 createDoc begin chars=5711
2026-03-30T06:39:54.530Z ACTION doc:draft:main:03_标准初稿_题目11_OpenClaw一键安装 createDoc done token=AbjbdXkEeoPzsbxLClxcaAbknsg
2026-03-30T06:39:54.531Z ACTION doc:draft:main:03_标准初稿_题目11_OpenClaw一键安装 writeDoc begin
2026-03-30T06:39:59.457Z ACTION doc:draft:main:03_标准初稿_题目11_OpenClaw一键安装 writeDoc done blocks=79
2026-03-30T06:39:59.460Z ACTION doc:draft:main:03_标准初稿_题目11_OpenClaw一键安装 ok
2026-03-30T06:39:59.469Z ACTION doc:draft:main:03_标准初稿_题目10_半导体误判 doc begin
2026-03-30T06:39:59.470Z ACTION doc:draft:main:03_标准初稿_题目10_半导体误判 createDoc begin chars=5406
2026-03-30T06:40:00.756Z ACTION doc:draft:main:03_标准初稿_题目10_半导体误判 createDoc done token=CqK6dSGjPoRbMXxRBGbch5QZnIe
2026-03-30T06:40:00.756Z ACTION doc:draft:main:03_标准初稿_题目10_半导体误判 writeDoc begin
2026-03-30T06:40:06.682Z ACTION doc:draft:main:03_标准初稿_题目10_半导体误判 writeDoc done blocks=80
2026-03-30T06:40:06.682Z ACTION doc:draft:main:03_标准初稿_题目10_半导体误判 ok
2026-03-30T06:40:06.693Z ACTION doc:draft:main:03_标准初稿_题目6_供给秩序重估 doc begin
2026-03-30T06:40:06.695Z ACTION doc:draft:main:03_标准初稿_题目6_供给秩序重估 createDoc begin chars=5724
2026-03-30T06:40:08.126Z ACTION doc:draft:main:03_标准初稿_题目6_供给秩序重估 createDoc done token=StVmdmBgio1Z25xiZSmceUoAnOZ
2026-03-30T06:40:08.127Z ACTION doc:draft:main:03_标准初稿_题目6_供给秩序重估 writeDoc begin
2026-03-30T06:40:13.611Z ACTION doc:draft:main:03_标准初稿_题目6_供给秩序重估 writeDoc done blocks=85
2026-03-30T06:40:13.612Z ACTION doc:draft:main:03_标准初稿_题目6_供给秩序重估 ok
2026-03-30T06:40:13.622Z ACTION doc:draft:report doc begin
2026-03-30T06:40:13.625Z ACTION doc:draft:report createDoc begin chars=1676
2026-03-30T06:40:14.913Z ACTION doc:draft:report createDoc done token=O1apddLwCoWlAcxcuvFcWK7kn2S
2026-03-30T06:40:14.913Z ACTION doc:draft:report writeDoc begin
2026-03-30T06:40:19.610Z ACTION doc:draft:report writeDoc done blocks=39
2026-03-30T06:40:19.610Z ACTION doc:draft:report ok
2026-03-30T06:40:19.619Z ACTION doc:rewrite:main doc begin
2026-03-30T06:40:19.622Z ACTION doc:rewrite:main createDoc begin chars=53807
2026-03-30T06:40:20.903Z ACTION doc:rewrite:main createDoc done token=EqRDd9tm6oK8NGxUuM0cSpZfnWd
2026-03-30T06:40:20.903Z ACTION doc:rewrite:main writeDoc begin
2026-03-30T06:41:05.915Z ACTION doc:rewrite:main error doc:rewrite:main writeDoc timeout after 45000ms
2026-03-30T06:41:05.916Z {"message":"doc:rewrite:main writeDoc timeout after 45000ms","code":null,"data":null}
